09/07/2021 12:31:03 PM - SeleniumDriver - INFO: Element Found with locator: [class='_2IX_2- VJZDxU'] and  locatorType: css
09/07/2021 12:31:03 PM - SeleniumDriver - INFO: Sent data on element with locator: [class='_2IX_2- VJZDxU'] locatorType: css
09/07/2021 12:31:13 PM - SeleniumDriver - INFO: Element not found with locator: [class='_2IX_2- VJZDxU'] and  locatorType: css
09/07/2021 12:31:13 PM - SeleniumDriver - INFO: Cannot send data on the element with locator: [class='_2IX_2- VJZDxU'] locatorType: css
09/07/2021 12:31:13 PM - SeleniumDriver - INFO: Element Found with locator: button[class='_2KpZ6l _2HKlqd _3AWRsL'] and  locatorType: css
09/07/2021 12:31:13 PM - SeleniumDriver - INFO: Clicked on element with locator: button[class='_2KpZ6l _2HKlqd _3AWRsL'] locatorType: css
09/07/2021 12:31:23 PM - SeleniumDriver - INFO: Element not found with locator: /html/body/div[2]/div/div/div/div/div[2]/div/form/div[1]/span[3]/span and  locatorType: xpath
09/07/2021 12:31:23 PM - SeleniumDriver - INFO: Element not found
09/07/2021 12:31:33 PM - SeleniumDriver - INFO: Element not found with locator: [class='_2IX_2- VJZDxU'] and  locatorType: css
09/07/2021 12:31:33 PM - SeleniumDriver - INFO: Cannot send data on the element with locator: [class='_2IX_2- VJZDxU'] locatorType: css
09/07/2021 12:31:43 PM - SeleniumDriver - INFO: Element not found with locator: [class='_2IX_2- VJZDxU'] and  locatorType: css
09/07/2021 12:31:43 PM - SeleniumDriver - INFO: Cannot send data on the element with locator: [class='_2IX_2- VJZDxU'] locatorType: css
09/07/2021 12:31:43 PM - SeleniumDriver - INFO: Element Found with locator: button[class='_2KpZ6l _2HKlqd _3AWRsL'] and  locatorType: css
09/07/2021 12:31:43 PM - SeleniumDriver - INFO: Clicked on element with locator: button[class='_2KpZ6l _2HKlqd _3AWRsL'] locatorType: css
09/07/2021 12:31:54 PM - SeleniumDriver - INFO: Element not found with locator: span[class='_16v3bB'] and  locatorType: css
09/07/2021 12:31:54 PM - SeleniumDriver - INFO: Element not found
09/07/2021 12:35:32 PM - SeleniumDriver - INFO: Element Found with locator: Email and  locatorType: id
09/07/2021 12:35:32 PM - SeleniumDriver - INFO: Sent data on element with locator: Email locatorType: id
09/07/2021 12:35:32 PM - SeleniumDriver - INFO: Element Found with locator: Password and  locatorType: id
09/07/2021 12:35:33 PM - SeleniumDriver - INFO: Sent data on element with locator: Password locatorType: id
09/07/2021 12:35:33 PM - SeleniumDriver - INFO: Element Found with locator: button[type='submit'] and  locatorType: css
09/07/2021 12:35:34 PM - SeleniumDriver - INFO: Clicked on element with locator: button[type='submit'] locatorType: css
09/07/2021 12:35:34 PM - SeleniumDriver - INFO: Element Found with locator: ul>li:first-of-type and  locatorType: css
09/07/2021 12:35:34 PM - SeleniumDriver - INFO: Element Found
09/07/2021 12:35:34 PM - SeleniumDriver - INFO: Element Found with locator: Email and  locatorType: id
09/07/2021 12:35:34 PM - SeleniumDriver - INFO: Sent data on element with locator: Email locatorType: id
09/07/2021 12:35:34 PM - SeleniumDriver - INFO: Element Found with locator: Password and  locatorType: id
09/07/2021 12:35:35 PM - SeleniumDriver - INFO: Sent data on element with locator: Password locatorType: id
09/07/2021 12:35:35 PM - SeleniumDriver - INFO: Element Found with locator: button[type='submit'] and  locatorType: css
09/07/2021 12:35:42 PM - SeleniumDriver - INFO: Clicked on element with locator: button[type='submit'] locatorType: css
09/07/2021 12:35:42 PM - SeleniumDriver - INFO: Element Found with locator: a[href='/logout'] and  locatorType: css
09/07/2021 12:35:42 PM - SeleniumDriver - INFO: Element Found
09/07/2021 01:39:03 PM - SeleniumDriver - INFO: Element Found with locator: Email and  locatorType: id
09/07/2021 01:39:03 PM - SeleniumDriver - INFO: Sent data on element with locator: Email locatorType: id
09/07/2021 01:39:03 PM - SeleniumDriver - INFO: Element Found with locator: Password and  locatorType: id
09/07/2021 01:39:04 PM - SeleniumDriver - INFO: Sent data on element with locator: Password locatorType: id
09/07/2021 01:39:04 PM - SeleniumDriver - INFO: Element Found with locator: button[type='submit'] and  locatorType: css
09/07/2021 01:39:05 PM - SeleniumDriver - INFO: Clicked on element with locator: button[type='submit'] locatorType: css
09/07/2021 01:39:05 PM - SeleniumDriver - INFO: Element Found with locator: ul>li:first-of-type and  locatorType: css
09/07/2021 01:39:05 PM - SeleniumDriver - INFO: Element Found
09/07/2021 01:39:05 PM - SeleniumDriver - INFO: Element Found with locator: Email and  locatorType: id
09/07/2021 01:39:05 PM - SeleniumDriver - INFO: Sent data on element with locator: Email locatorType: id
09/07/2021 01:39:05 PM - SeleniumDriver - INFO: Element Found with locator: Password and  locatorType: id
09/07/2021 01:39:06 PM - SeleniumDriver - INFO: Sent data on element with locator: Password locatorType: id
09/07/2021 01:39:06 PM - SeleniumDriver - INFO: Element Found with locator: button[type='submit'] and  locatorType: css
09/07/2021 01:39:11 PM - SeleniumDriver - INFO: Clicked on element with locator: button[type='submit'] locatorType: css
09/07/2021 01:39:12 PM - SeleniumDriver - INFO: Element Found with locator: a[href='/logout'] and  locatorType: css
09/07/2021 01:39:12 PM - SeleniumDriver - INFO: Element Found
09/07/2021 02:19:48 PM - SeleniumDriver - INFO: Element Found with locator: Email and  locatorType: id
09/07/2021 02:19:48 PM - SeleniumDriver - INFO: Sent data on element with locator: Email locatorType: id
09/07/2021 02:19:48 PM - SeleniumDriver - INFO: Element Found with locator: Password and  locatorType: id
09/07/2021 02:19:48 PM - SeleniumDriver - INFO: Sent data on element with locator: Password locatorType: id
09/07/2021 02:19:48 PM - SeleniumDriver - INFO: Element Found with locator: button[type='submit'] and  locatorType: css
09/07/2021 02:19:50 PM - SeleniumDriver - INFO: Clicked on element with locator: button[type='submit'] locatorType: css
09/07/2021 02:19:50 PM - SeleniumDriver - INFO: Element Found with locator: ul>li:first-of-type and  locatorType: css
09/07/2021 02:19:50 PM - SeleniumDriver - INFO: Element Found
09/07/2021 02:19:50 PM - SeleniumDriver - INFO: Element Found with locator: Email and  locatorType: id
09/07/2021 02:19:50 PM - SeleniumDriver - INFO: Sent data on element with locator: Email locatorType: id
09/07/2021 02:19:50 PM - SeleniumDriver - INFO: Element Found with locator: Password and  locatorType: id
09/07/2021 02:19:50 PM - SeleniumDriver - INFO: Sent data on element with locator: Password locatorType: id
09/07/2021 02:19:50 PM - SeleniumDriver - INFO: Element Found with locator: button[type='submit'] and  locatorType: css
09/07/2021 02:19:57 PM - SeleniumDriver - INFO: Clicked on element with locator: button[type='submit'] locatorType: css
09/07/2021 02:19:57 PM - SeleniumDriver - INFO: Element Found with locator: a[href='/logout'] and  locatorType: css
09/07/2021 02:19:57 PM - SeleniumDriver - INFO: Element Found
09/07/2021 03:41:16 PM - SeleniumDriver - INFO: Element Found with locator: Email and  locatorType: id
09/07/2021 03:41:16 PM - SeleniumDriver - INFO: Sent data on element with locator: Email locatorType: id
09/07/2021 03:41:16 PM - SeleniumDriver - INFO: Element Found with locator: Password and  locatorType: id
09/07/2021 03:41:17 PM - SeleniumDriver - INFO: Sent data on element with locator: Password locatorType: id
09/07/2021 03:41:17 PM - SeleniumDriver - INFO: Element Found with locator: button[type='submit'] and  locatorType: css
09/07/2021 03:41:24 PM - SeleniumDriver - INFO: Clicked on element with locator: button[type='submit'] locatorType: css
09/07/2021 03:41:24 PM - SeleniumDriver - INFO: Element Found with locator: a[href='/logout'] and  locatorType: css
09/07/2021 03:41:24 PM - SeleniumDriver - INFO: Element Found
09/07/2021 03:41:29 PM - SeleniumDriver - INFO: Element Found with locator: Email and  locatorType: id
09/07/2021 03:41:29 PM - SeleniumDriver - INFO: Sent data on element with locator: Email locatorType: id
09/07/2021 03:41:29 PM - SeleniumDriver - INFO: Element Found with locator: Password and  locatorType: id
09/07/2021 03:41:29 PM - SeleniumDriver - INFO: Sent data on element with locator: Password locatorType: id
09/07/2021 03:41:29 PM - SeleniumDriver - INFO: Element Found with locator: button[type='submit'] and  locatorType: css
09/07/2021 03:41:31 PM - SeleniumDriver - INFO: Clicked on element with locator: button[type='submit'] locatorType: css
09/07/2021 03:41:31 PM - SeleniumDriver - INFO: Element Found with locator: ul>li:first-of-type and  locatorType: css
09/07/2021 03:41:31 PM - SeleniumDriver - INFO: Element Found
09/07/2021 03:51:18 PM - Test_001_LoginTest - INFO: ***************test_valid_login***************
09/07/2021 03:51:19 PM - SeleniumDriver - INFO: Element Found with locator: Email and  locatorType: id
09/07/2021 03:51:20 PM - SeleniumDriver - INFO: Sent data on element with locator: Email locatorType: id
09/07/2021 03:51:20 PM - SeleniumDriver - INFO: Element Found with locator: Password and  locatorType: id
09/07/2021 03:51:20 PM - SeleniumDriver - INFO: Sent data on element with locator: Password locatorType: id
09/07/2021 03:51:20 PM - SeleniumDriver - INFO: Element Found with locator: button[type='submit'] and  locatorType: css
09/07/2021 03:51:24 PM - SeleniumDriver - INFO: Clicked on element with locator: button[type='submit'] locatorType: css
09/07/2021 03:51:24 PM - SeleniumDriver - INFO: Element Found with locator: a[href='/logout'] and  locatorType: css
09/07/2021 03:51:24 PM - SeleniumDriver - INFO: Element Found
09/07/2021 03:51:26 PM - Test_001_LoginTest - INFO: ***************test_invalid_login***************
09/07/2021 03:51:28 PM - SeleniumDriver - INFO: Element Found with locator: Email and  locatorType: id
09/07/2021 03:51:28 PM - SeleniumDriver - INFO: Sent data on element with locator: Email locatorType: id
09/07/2021 03:51:28 PM - SeleniumDriver - INFO: Element Found with locator: Password and  locatorType: id
09/07/2021 03:51:28 PM - SeleniumDriver - INFO: Sent data on element with locator: Password locatorType: id
09/07/2021 03:51:28 PM - SeleniumDriver - INFO: Element Found with locator: button[type='submit'] and  locatorType: css
09/07/2021 03:51:30 PM - SeleniumDriver - INFO: Clicked on element with locator: button[type='submit'] locatorType: css
09/07/2021 03:51:30 PM - SeleniumDriver - INFO: Element Found with locator: ul>li:first-of-type and  locatorType: css
09/07/2021 03:51:30 PM - SeleniumDriver - INFO: Element Found
09/07/2021 03:52:11 PM - Test_001_LoginTest - INFO: ***************test_valid_login***************
09/07/2021 03:52:13 PM - SeleniumDriver - INFO: Element Found with locator: Email and  locatorType: id
09/07/2021 03:52:13 PM - SeleniumDriver - INFO: Sent data on element with locator: Email locatorType: id
09/07/2021 03:52:13 PM - SeleniumDriver - INFO: Element Found with locator: Password and  locatorType: id
09/07/2021 03:52:13 PM - SeleniumDriver - INFO: Sent data on element with locator: Password locatorType: id
09/07/2021 03:52:13 PM - SeleniumDriver - INFO: Element Found with locator: button[type='submit'] and  locatorType: css
09/07/2021 03:52:20 PM - SeleniumDriver - INFO: Clicked on element with locator: button[type='submit'] locatorType: css
09/07/2021 03:52:20 PM - SeleniumDriver - INFO: Element Found with locator: a[href='/logout'] and  locatorType: css
09/07/2021 03:52:20 PM - SeleniumDriver - INFO: Element Found
09/07/2021 03:52:24 PM - Test_001_LoginTest - INFO: ***************test_invalid_login***************
09/07/2021 03:52:25 PM - SeleniumDriver - INFO: Element Found with locator: Email and  locatorType: id
09/07/2021 03:52:26 PM - SeleniumDriver - INFO: Sent data on element with locator: Email locatorType: id
09/07/2021 03:52:26 PM - SeleniumDriver - INFO: Element Found with locator: Password and  locatorType: id
09/07/2021 03:52:26 PM - SeleniumDriver - INFO: Sent data on element with locator: Password locatorType: id
09/07/2021 03:52:26 PM - SeleniumDriver - INFO: Element Found with locator: button[type='submit'] and  locatorType: css
09/07/2021 03:52:27 PM - SeleniumDriver - INFO: Clicked on element with locator: button[type='submit'] locatorType: css
09/07/2021 03:52:27 PM - SeleniumDriver - INFO: Element Found with locator: ul>li:first-of-type and  locatorType: css
09/07/2021 03:52:27 PM - SeleniumDriver - INFO: Element Found
09/07/2021 03:53:22 PM - Test_001_LoginTest - INFO: ***************test_valid_login***************
09/07/2021 03:53:23 PM - SeleniumDriver - INFO: Element Found with locator: Email and  locatorType: id
09/07/2021 03:53:24 PM - SeleniumDriver - INFO: Sent data on element with locator: Email locatorType: id
09/07/2021 03:53:24 PM - SeleniumDriver - INFO: Element Found with locator: Password and  locatorType: id
09/07/2021 03:53:24 PM - SeleniumDriver - INFO: Sent data on element with locator: Password locatorType: id
09/07/2021 03:53:24 PM - SeleniumDriver - INFO: Element Found with locator: button[type='submit'] and  locatorType: css
09/07/2021 03:53:30 PM - SeleniumDriver - INFO: Clicked on element with locator: button[type='submit'] locatorType: css
09/07/2021 03:53:30 PM - SeleniumDriver - INFO: Element Found with locator: a[href='/logout'] and  locatorType: css
09/07/2021 03:53:30 PM - SeleniumDriver - INFO: Element Found
09/07/2021 03:53:34 PM - Test_001_LoginTest - INFO: ***************test_invalid_login***************
09/07/2021 03:53:36 PM - SeleniumDriver - INFO: Element Found with locator: Email and  locatorType: id
09/07/2021 03:53:36 PM - SeleniumDriver - INFO: Sent data on element with locator: Email locatorType: id
09/07/2021 03:53:36 PM - SeleniumDriver - INFO: Element Found with locator: Password and  locatorType: id
09/07/2021 03:53:36 PM - SeleniumDriver - INFO: Sent data on element with locator: Password locatorType: id
09/07/2021 03:53:36 PM - SeleniumDriver - INFO: Element Found with locator: button[type='submit'] and  locatorType: css
09/07/2021 03:53:38 PM - SeleniumDriver - INFO: Clicked on element with locator: button[type='submit'] locatorType: css
09/07/2021 03:53:38 PM - SeleniumDriver - INFO: Element Found with locator: ul>li:first-of-type and  locatorType: css
09/07/2021 03:53:38 PM - SeleniumDriver - INFO: Element Found
09/07/2021 03:53:40 PM - Test_001_LoginTest - INFO: ===============Test Passed===============
09/07/2021 03:54:29 PM - Test_001_LoginTest - INFO: ***************test_valid_login***************
09/07/2021 03:54:31 PM - SeleniumDriver - INFO: Element Found with locator: Email and  locatorType: id
09/07/2021 03:54:31 PM - SeleniumDriver - INFO: Sent data on element with locator: Email locatorType: id
09/07/2021 03:54:31 PM - SeleniumDriver - INFO: Element Found with locator: Password and  locatorType: id
09/07/2021 03:54:31 PM - SeleniumDriver - INFO: Sent data on element with locator: Password locatorType: id
09/07/2021 03:54:31 PM - SeleniumDriver - INFO: Element Found with locator: button[type='submit'] and  locatorType: css
09/07/2021 03:54:38 PM - SeleniumDriver - INFO: Clicked on element with locator: button[type='submit'] locatorType: css
09/07/2021 03:54:38 PM - SeleniumDriver - INFO: Element Found with locator: a[href='/logout'] and  locatorType: css
09/07/2021 03:54:38 PM - SeleniumDriver - INFO: Element Found
09/07/2021 03:54:40 PM - Test_001_LoginTest - INFO: ===============Test Passed===============
09/07/2021 03:54:42 PM - Test_001_LoginTest - INFO: ***************test_invalid_login***************
09/07/2021 03:54:44 PM - SeleniumDriver - INFO: Element Found with locator: Email and  locatorType: id
09/07/2021 03:54:44 PM - SeleniumDriver - INFO: Sent data on element with locator: Email locatorType: id
09/07/2021 03:54:44 PM - SeleniumDriver - INFO: Element Found with locator: Password and  locatorType: id
09/07/2021 03:54:44 PM - SeleniumDriver - INFO: Sent data on element with locator: Password locatorType: id
09/07/2021 03:54:44 PM - SeleniumDriver - INFO: Element Found with locator: button[type='submit'] and  locatorType: css
09/07/2021 03:54:45 PM - SeleniumDriver - INFO: Clicked on element with locator: button[type='submit'] locatorType: css
09/07/2021 03:54:46 PM - SeleniumDriver - INFO: Element Found with locator: ul>li:first-of-type and  locatorType: css
09/07/2021 03:54:46 PM - SeleniumDriver - INFO: Element Found
09/07/2021 03:54:48 PM - Test_001_LoginTest - INFO: ===============Test Passed===============
